<?xml version="1.0" encoding="UTF-8"?>
<!-- Generated by org.testng.reporters.JUnitXMLReporter -->
<testsuite hostname="Admin-PC" name="TestNG Parallel Testing Test" tests="4" failures="0" timestamp="8 Mar 2020 05:32:19 GMT" time="53.103" errors="0">
  <testcase name="chromeTest1" time="17.606" classname="com.ParallelExecutionTests.ChromeTest1"/>
  <testcase name="chromeTest2" time="12.732" classname="com.ParallelExecutionTests.ChromeTest2"/>
  <testcase name="firefoxTest1" time="12.442" classname="com.ParallelExecutionTests.FirefoxTest1"/>
  <testcase name="firefoxTest2" time="10.263" classname="com.ParallelExecutionTests.FirefoxTest2"/>
</testsuite> <!-- TestNG Parallel Testing Test -->
