<?xml version="1.0" encoding="UTF-8"?>
<!-- Generated by org.testng.reporters.JUnitXMLReporter -->
<testsuite hostname="Admin-PC" name="TestNG Parallel Firefox Tests" tests="2" failures="0" timestamp="8 Mar 2020 05:36:09 GMT" time="25.165" errors="0">
  <testcase name="firefoxTest1" time="16.09" classname="com.ParallelExecutionTests.FirefoxTest1"/>
  <testcase name="firefoxTest2" time="9.044" classname="com.ParallelExecutionTests.FirefoxTest2"/>
</testsuite> <!-- TestNG Parallel Firefox Tests -->
