<?xml version="1.0" encoding="UTF-8"?>
<!-- Generated by org.testng.reporters.JUnitXMLReporter -->
<testsuite hostname="Admin-PC" name="TestNG Parallel Chrome Tests in Classes Level" tests="4" failures="0" timestamp="8 Mar 2020 10:39:09 GMT" time="61.024" errors="0">
  <testcase name="chromeTest1" time="18.232" classname="com.ParallelExecutionTests.ChromeTest1"/>
  <testcase name="chromeTest2" time="41.145" classname="com.ParallelExecutionTests.ChromeTest2"/>
  <testcase name="firefoxTest2" time="54.83" classname="com.ParallelExecutionTests.FirefoxTest2"/>
  <testcase name="firefoxTest1" time="60.992" classname="com.ParallelExecutionTests.FirefoxTest1"/>
</testsuite> <!-- TestNG Parallel Chrome Tests in Classes Level -->
