<?xml version="1.0" encoding="UTF-8"?>
<!-- Generated by org.testng.reporters.JUnitXMLReporter -->
<testsuite hostname="Admin-PC" name="TestNG Parallel Chrome Tests in Classes Level" tests="4" failures="0" timestamp="8 Mar 2020 08:30:43 GMT" time="60.481" errors="0">
  <testcase name="chromeTest1" time="55.592" classname="com.ParallelExecutionTests.ChromeTest1"/>
  <testcase name="firefoxTest1" time="55.744" classname="com.ParallelExecutionTests.FirefoxTest1"/>
  <testcase name="firefoxTest2" time="58.636" classname="com.ParallelExecutionTests.FirefoxTest2"/>
  <testcase name="chromeTest2" time="60.443" classname="com.ParallelExecutionTests.ChromeTest2"/>
</testsuite> <!-- TestNG Parallel Chrome Tests in Classes Level -->
