<?xml version="1.0" encoding="UTF-8"?>
<testng-results skipped="0" failed="0" total="4" passed="4">
  <reporter-output>
  </reporter-output>
  <suite name="TestNG Parallel Testing Suite" duration-ms="25395" started-at="2020-03-08T05:35:43Z" finished-at="2020-03-08T05:36:09Z">
    <groups>
    </groups>
    <test name="TestNG Parallel Firefox Tests" duration-ms="25165" started-at="2020-03-08T05:35:43Z" finished-at="2020-03-08T05:36:09Z">
      <class name="com.ParallelExecutionTests.FirefoxTest2">
        <test-method status="PASS" signature="firefoxTest2()[pri:0, instance:com.ParallelExecutionTests.FirefoxTest2@6f7fd0e6]" name="firefoxTest2" duration-ms="9044" started-at="2020-03-08T11:06:00Z" finished-at="2020-03-08T11:06:09Z">
          <reporter-output>
          </reporter-output>
        </test-method> <!-- firefoxTest2 -->
      </class> <!-- com.ParallelExecutionTests.FirefoxTest2 -->
      <class name="com.ParallelExecutionTests.FirefoxTest1">
        <test-method status="PASS" signature="firefoxTest1()[pri:0, instance:com.ParallelExecutionTests.FirefoxTest1@27efef64]" name="firefoxTest1" duration-ms="16090" started-at="2020-03-08T11:05:43Z" finished-at="2020-03-08T11:06:00Z">
          <reporter-output>
          </reporter-output>
        </test-method> <!-- firefoxTest1 -->
      </class> <!-- com.ParallelExecutionTests.FirefoxTest1 -->
    </test> <!-- TestNG Parallel Firefox Tests -->
    <test name="TestNG Parallel Chrome Tests" duration-ms="25395" started-at="2020-03-08T05:35:43Z" finished-at="2020-03-08T05:36:09Z">
      <class name="com.ParallelExecutionTests.ChromeTest2">
        <test-method status="PASS" signature="chromeTest2()[pri:0, instance:com.ParallelExecutionTests.ChromeTest2@29ee9faa]" name="chromeTest2" duration-ms="10045" started-at="2020-03-08T11:05:59Z" finished-at="2020-03-08T11:06:09Z">
          <reporter-output>
          </reporter-output>
        </test-method> <!-- chromeTest2 -->
      </class> <!-- com.ParallelExecutionTests.ChromeTest2 -->
      <class name="com.ParallelExecutionTests.ChromeTest1">
        <test-method status="PASS" signature="chromeTest1()[pri:0, instance:com.ParallelExecutionTests.ChromeTest1@724af044]" name="chromeTest1" duration-ms="15296" started-at="2020-03-08T11:05:43Z" finished-at="2020-03-08T11:05:59Z">
          <reporter-output>
          </reporter-output>
        </test-method> <!-- chromeTest1 -->
      </class> <!-- com.ParallelExecutionTests.ChromeTest1 -->
    </test> <!-- TestNG Parallel Chrome Tests -->
  </suite> <!-- TestNG Parallel Testing Suite -->
</testng-results>
